f:\work-job\c++ - chief software architect\arcitect\clientapp\clientlib\debug\clientlib.pch.codeanalysis
f:\work-job\c++ - chief software architect\arcitect\clientapp\clientlib\debug\clientlib.pdb
f:\work-job\c++ - chief software architect\arcitect\clientapp\clientlib\debug\clientlib.idb
f:\work-job\c++ - chief software architect\arcitect\clientapp\clientlib\debug\clientlib.pch.codeanalysisast
f:\work-job\c++ - chief software architect\arcitect\clientapp\clientlib\debug\stdafx.nativecodeanalysis.xml
f:\work-job\c++ - chief software architect\arcitect\clientapp\clientlib\debug\stdafx.obj
f:\work-job\c++ - chief software architect\arcitect\clientapp\clientlib\debug\clientlib.pch
f:\work-job\c++ - chief software architect\arcitect\clientapp\clientlib\debug\clientutils.nativecodeanalysis.xml
f:\work-job\c++ - chief software architect\arcitect\clientapp\clientlib\debug\clientutils.obj
f:\work-job\c++ - chief software architect\arcitect\clientapp\debug\clientlib.lib
f:\work-job\c++ - chief software architect\arcitect\clientapp\clientlib\debug\nativecodeanalysis.read.1.tlog
f:\work-job\c++ - chief software architect\arcitect\clientapp\clientlib\debug\vc.nativecodeanalysis.all.xml
f:\work-job\c++ - chief software architect\arcitect\clientapp\debug\clientlib.pdb
f:\work-job\c++ - chief software architect\arcitect\clientapp\debug\clientlib.lib.lastcodeanalysissucceeded
f:\work-job\c++ - chief software architect\arcitect\clientapp\clientlib\debug\clientlib.tlog\cl.command.1.tlog
f:\work-job\c++ - chief software architect\arcitect\clientapp\clientlib\debug\clientlib.tlog\cl.read.1.tlog
f:\work-job\c++ - chief software architect\arcitect\clientapp\clientlib\debug\clientlib.tlog\cl.write.1.tlog
f:\work-job\c++ - chief software architect\arcitect\clientapp\clientlib\debug\clientlib.tlog\lib-link.read.1.tlog
f:\work-job\c++ - chief software architect\arcitect\clientapp\clientlib\debug\clientlib.tlog\lib-link.write.1.tlog
f:\work-job\c++ - chief software architect\arcitect\clientapp\clientlib\debug\clientlib.tlog\lib.command.1.tlog
